This is pdfTeX, Version 3.141592653-2.6-1.40.26 (TeX Live 2024) (preloaded format=pdflatex 2024.4.15)  2 APR 2026 08:55
entering extended mode
 restricted \write18 enabled.
 %&-line parsing enabled.
**Paper
(./Paper.tex
LaTeX2e <2023-11-01> patch level 1
L3 programming layer <2024-02-20>
(/usr/local/texlive/2024/texmf-dist/tex/latex/base/article.cls
Document Class: article 2023/05/17 v1.4n Standard LaTeX document class
(/usr/local/texlive/2024/texmf-dist/tex/latex/base/size12.clo
File: size12.clo 2023/05/17 v1.4n Standard LaTeX file (size option)
)
\c@part=\count188
\c@section=\count189
\c@subsection=\count190
\c@subsubsection=\count191
\c@paragraph=\count192
\c@subparagraph=\count193
\c@figure=\count194
\c@table=\count195
\abovecaptionskip=\skip48
\belowcaptionskip=\skip49
\bibindent=\dimen140
)
(/usr/local/texlive/2024/texmf-dist/tex/latex/url/url.sty
\Urlmuskip=\muskip16
Package: url 2013/09/16  ver 3.4  Verb mode for urls, etc.
)
(/usr/local/texlive/2024/texmf-dist/tex/latex/base/ifthen.sty
Package: ifthen 2022/04/13 v1.1d Standard LaTeX ifthen package (DPC)
)
(/usr/local/texlive/2024/texmf-dist/tex/latex/tools/multicol.sty
Package: multicol 2023/03/30 v1.9f multicolumn formatting (FMi)
\c@tracingmulticols=\count196
\mult@box=\box51
\multicol@leftmargin=\dimen141
\c@unbalance=\count197
\c@collectmore=\count198
\doublecol@number=\count199
\multicoltolerance=\count266
\multicolpretolerance=\count267
\full@width=\dimen142
\page@free=\dimen143
\premulticols=\dimen144
\postmulticols=\dimen145
\multicolsep=\skip50
\multicolbaselineskip=\skip51
\partial@page=\box52
\last@line=\box53
\mc@boxedresult=\box54
\maxbalancingoverflow=\dimen146
\mult@rightbox=\box55
\mult@grightbox=\box56
\mult@firstbox=\box57
\mult@gfirstbox=\box58
\@tempa=\box59
\@tempa=\box60
\@tempa=\box61
\@tempa=\box62
\@tempa=\box63
\@tempa=\box64
\@tempa=\box65
\@tempa=\box66
\@tempa=\box67
\@tempa=\box68
\@tempa=\box69
\@tempa=\box70
\@tempa=\box71
\@tempa=\box72
\@tempa=\box73
\@tempa=\box74
\@tempa=\box75
\@tempa=\box76
\@tempa=\box77
\@tempa=\box78
\@tempa=\box79
\@tempa=\box80
\@tempa=\box81
\@tempa=\box82
\@tempa=\box83
\@tempa=\box84
\@tempa=\box85
\@tempa=\box86
\@tempa=\box87
\@tempa=\box88
\@tempa=\box89
\@tempa=\box90
\@tempa=\box91
\@tempa=\box92
\@tempa=\box93
\@tempa=\box94
\c@minrows=\count268
\c@columnbadness=\count269
\c@finalcolumnbadness=\count270
\last@try=\dimen147
\multicolovershoot=\dimen148
\multicolundershoot=\dimen149
\mult@nat@firstbox=\box95
\colbreak@box=\box96
\mc@col@check@num=\count271
)
(/usr/local/texlive/2024/texmf-dist/tex/latex/base/inputenc.sty
Package: inputenc 2021/02/14 v1.3d Input encoding file
\inpenc@prehook=\toks17
\inpenc@posthook=\toks18
)
(/usr/local/texlive/2024/texmf-dist/tex/latex/amsmath/amsmath.sty
Package: amsmath 2023/05/13 v2.17o AMS math features
\@mathmargin=\skip52

For additional information on amsmath, use the `?' option.
(/usr/local/texlive/2024/texmf-dist/tex/latex/amsmath/amstext.sty
Package: amstext 2021/08/26 v2.01 AMS text

(/usr/local/texlive/2024/texmf-dist/tex/latex/amsmath/amsgen.sty
File: amsgen.sty 1999/11/30 v2.0 generic functions
\@emptytoks=\toks19
\ex@=\dimen150
))
(/usr/local/texlive/2024/texmf-dist/tex/latex/amsmath/amsbsy.sty
Package: amsbsy 1999/11/29 v1.2d Bold Symbols
\pmbraise@=\dimen151
)
(/usr/local/texlive/2024/texmf-dist/tex/latex/amsmath/amsopn.sty
Package: amsopn 2022/04/08 v2.04 operator names
)
\inf@bad=\count272
LaTeX Info: Redefining \frac on input line 234.
\uproot@=\count273
\leftroot@=\count274
LaTeX Info: Redefining \overline on input line 399.
LaTeX Info: Redefining \colon on input line 410.
\classnum@=\count275
\DOTSCASE@=\count276
LaTeX Info: Redefining \ldots on input line 496.
LaTeX Info: Redefining \dots on input line 499.
LaTeX Info: Redefining \cdots on input line 620.
\Mathstrutbox@=\box97
\strutbox@=\box98
LaTeX Info: Redefining \big on input line 722.
LaTeX Info: Redefining \Big on input line 723.
LaTeX Info: Redefining \bigg on input line 724.
LaTeX Info: Redefining \Bigg on input line 725.
\big@size=\dimen152
LaTeX Font Info:    Redeclaring font encoding OML on input line 743.
LaTeX Font Info:    Redeclaring font encoding OMS on input line 744.
\macc@depth=\count277
LaTeX Info: Redefining \bmod on input line 905.
LaTeX Info: Redefining \pmod on input line 910.
LaTeX Info: Redefining \smash on input line 940.
LaTeX Info: Redefining \relbar on input line 970.
LaTeX Info: Redefining \Relbar on input line 971.
\c@MaxMatrixCols=\count278
\dotsspace@=\muskip17
\c@parentequation=\count279
\dspbrk@lvl=\count280
\tag@help=\toks20
\row@=\count281
\column@=\count282
\maxfields@=\count283
\andhelp@=\toks21
\eqnshift@=\dimen153
\alignsep@=\dimen154
\tagshift@=\dimen155
\tagwidth@=\dimen156
\totwidth@=\dimen157
\lineht@=\dimen158
\@envbody=\toks22
\multlinegap=\skip53
\multlinetaggap=\skip54
\mathdisplay@stack=\toks23
LaTeX Info: Redefining \[ on input line 2953.
LaTeX Info: Redefining \] on input line 2954.
)
(/usr/local/texlive/2024/texmf-dist/tex/latex/amsfonts/amssymb.sty
Package: amssymb 2013/01/14 v3.01 AMS font symbols

(/usr/local/texlive/2024/texmf-dist/tex/latex/amsfonts/amsfonts.sty
Package: amsfonts 2013/01/14 v3.01 Basic AMSFonts support
\symAMSa=\mathgroup4
\symAMSb=\mathgroup5
LaTeX Font Info:    Redeclaring math symbol \hbar on input line 98.
LaTeX Font Info:    Overwriting math alphabet `\mathfrak' in version `bold'
(Font)                  U/euf/m/n --> U/euf/b/n on input line 106.
))
(/usr/local/texlive/2024/texmf-dist/tex/latex/graphics/graphicx.sty
Package: graphicx 2021/09/16 v1.2d Enhanced LaTeX Graphics (DPC,SPQR)

(/usr/local/texlive/2024/texmf-dist/tex/latex/graphics/keyval.sty
Package: keyval 2022/05/29 v1.15 key=value parser (DPC)
\KV@toks@=\toks24
)
(/usr/local/texlive/2024/texmf-dist/tex/latex/graphics/graphics.sty
Package: graphics 2022/03/10 v1.4e Standard LaTeX Graphics (DPC,SPQR)

(/usr/local/texlive/2024/texmf-dist/tex/latex/graphics/trig.sty
Package: trig 2021/08/11 v1.11 sin cos tan (DPC)
)
(/usr/local/texlive/2024/texmf-dist/tex/latex/graphics-cfg/graphics.cfg
File: graphics.cfg 2016/06/04 v1.11 sample graphics configuration
)
Package graphics Info: Driver file: pdftex.def on input line 107.

(/usr/local/texlive/2024/texmf-dist/tex/latex/graphics-def/pdftex.def
File: pdftex.def 2022/09/22 v1.2b Graphics/color driver for pdftex
))
\Gin@req@height=\dimen159
\Gin@req@width=\dimen160
)
(/usr/local/texlive/2024/texmf-dist/tex/latex/caption/caption.sty
Package: caption 2023/08/05 v3.6o Customizing captions (AR)

(/usr/local/texlive/2024/texmf-dist/tex/latex/caption/caption3.sty
Package: caption3 2023/07/31 v2.4d caption3 kernel (AR)
\caption@tempdima=\dimen161
\captionmargin=\dimen162
\caption@leftmargin=\dimen163
\caption@rightmargin=\dimen164
\caption@width=\dimen165
\caption@indent=\dimen166
\caption@parindent=\dimen167
\caption@hangindent=\dimen168
Package caption Info: Standard document class detected.
)
\c@caption@flags=\count284
\c@continuedfloat=\count285
)
(/usr/local/texlive/2024/texmf-dist/tex/latex/setspace/setspace.sty
Package: setspace 2022/12/04 v6.7b set line spacing
)
(/usr/local/texlive/2024/texmf-dist/tex/latex/colortbl/colortbl.sty
Package: colortbl 2024/02/20 v1.0g Color table columns (DPC)

(/usr/local/texlive/2024/texmf-dist/tex/latex/tools/array.sty
Package: array 2023/10/16 v2.5g Tabular extension package (FMi)
\col@sep=\dimen169
\ar@mcellbox=\box99
\extrarowheight=\dimen170
\NC@list=\toks25
\extratabsurround=\skip55
\backup@length=\skip56
\ar@cellbox=\box100
)
(/usr/local/texlive/2024/texmf-dist/tex/latex/graphics/color.sty
Package: color 2022/01/06 v1.3d Standard LaTeX Color (DPC)

(/usr/local/texlive/2024/texmf-dist/tex/latex/graphics-cfg/color.cfg
File: color.cfg 2016/01/02 v1.6 sample color configuration
)
Package color Info: Driver file: pdftex.def on input line 149.

(/usr/local/texlive/2024/texmf-dist/tex/latex/graphics/mathcolor.ltx))
\everycr=\toks26
\minrowclearance=\skip57
\rownum=\count286
)
(/usr/local/texlive/2024/texmf-dist/tex/latex/natbib/natbib.sty
Package: natbib 2010/09/13 8.31b (PWD, AO)
\bibhang=\skip58
\bibsep=\skip59
LaTeX Info: Redefining \cite on input line 694.
\c@NAT@ctr=\count287
)
(/usr/local/texlive/2024/texmf-dist/tex/latex/preprint/fullpage.sty
Package: fullpage 1999/02/23 1.1 (PWD)
\FP@margin=\skip60
)
(/usr/local/texlive/2024/texmf-dist/tex/latex/base/textcomp.sty
Package: textcomp 2020/02/02 v2.0n Standard LaTeX package
)
(/usr/local/texlive/2024/texmf-dist/tex/latex/lineno/lineno.sty
Package: lineno 2023/05/20 line numbers on paragraphs v5.3

(/usr/local/texlive/2024/texmf-dist/tex/latex/etoolbox/etoolbox.sty
Package: etoolbox 2020/10/05 v2.5k e-TeX tools for LaTeX (JAW)
\etb@tempcnta=\count288
)
(/usr/local/texlive/2024/texmf-dist/tex/latex/kvoptions/kvoptions.sty
Package: kvoptions 2022-06-15 v3.15 Key value format for package options (HO)

(/usr/local/texlive/2024/texmf-dist/tex/generic/ltxcmds/ltxcmds.sty
Package: ltxcmds 2023-12-04 v1.26 LaTeX kernel commands for general use (HO)
)
(/usr/local/texlive/2024/texmf-dist/tex/latex/kvsetkeys/kvsetkeys.sty
Package: kvsetkeys 2022-10-05 v1.19 Key value parser (HO)
))
\linenopenalty=\count289
\output=\toks27
\linenoprevgraf=\count290
\linenumbersep=\dimen171
\linenumberwidth=\dimen172
\c@linenumber=\count291
\c@pagewiselinenumber=\count292
\c@LN@truepage=\count293
\c@internallinenumber=\count294
\c@internallinenumbers=\count295
\quotelinenumbersep=\dimen173
\bframerule=\dimen174
\bframesep=\dimen175
\bframebox=\box101
\linenoamsmath@ams@eqpen=\count296
LaTeX Info: Redefining \\ on input line 3180.
)
(/usr/local/texlive/2024/texmf-dist/tex/latex/booktabs/booktabs.sty
Package: booktabs 2020/01/12 v1.61803398 Publication quality tables
\heavyrulewidth=\dimen176
\lightrulewidth=\dimen177
\cmidrulewidth=\dimen178
\belowrulesep=\dimen179
\belowbottomsep=\dimen180
\aboverulesep=\dimen181
\abovetopsep=\dimen182
\cmidrulesep=\dimen183
\cmidrulekern=\dimen184
\defaultaddspace=\dimen185
\@cmidla=\count297
\@cmidlb=\count298
\@aboverulesep=\dimen186
\@belowrulesep=\dimen187
\@thisruleclass=\count299
\@lastruleclass=\count300
\@thisrulewidth=\dimen188
)
(/usr/local/texlive/2024/texmf-dist/tex/latex/tools/longtable.sty
Package: longtable 2023-11-01 v4.19 Multi-page Table package (DPC)
\LTleft=\skip61
\LTright=\skip62
\LTpre=\skip63
\LTpost=\skip64
\LTchunksize=\count301
\LTcapwidth=\dimen189
\LT@head=\box102
\LT@firsthead=\box103
\LT@foot=\box104
\LT@lastfoot=\box105
\LT@gbox=\box106
\LT@cols=\count302
\LT@rows=\count303
\c@LT@tables=\count304
\c@LT@chunks=\count305
\LT@p@ftn=\toks28
)
(/usr/local/texlive/2024/texmf-dist/tex/latex/float/float.sty
Package: float 2001/11/08 v1.3d Float enhancements (AL)
\c@float@type=\count306
\float@exts=\toks29
\float@box=\box107
\@float@everytoks=\toks30
\@floatcapt=\box108
)
(/usr/local/texlive/2024/texmf-dist/tex/latex/hyperref/hyperref.sty
Package: hyperref 2024-01-20 v7.01h Hypertext links for LaTeX

(/usr/local/texlive/2024/texmf-dist/tex/generic/iftex/iftex.sty
Package: iftex 2022/02/03 v1.0f TeX engine tests
)
(/usr/local/texlive/2024/texmf-dist/tex/generic/kvdefinekeys/kvdefinekeys.sty
Package: kvdefinekeys 2019-12-19 v1.6 Define keys (HO)
)
(/usr/local/texlive/2024/texmf-dist/tex/generic/pdfescape/pdfescape.sty
Package: pdfescape 2019/12/09 v1.15 Implements pdfTeX's escape features (HO)

(/usr/local/texlive/2024/texmf-dist/tex/generic/pdftexcmds/pdftexcmds.sty
Package: pdftexcmds 2020-06-27 v0.33 Utility functions of pdfTeX for LuaTeX (HO
)

(/usr/local/texlive/2024/texmf-dist/tex/generic/infwarerr/infwarerr.sty
Package: infwarerr 2019/12/03 v1.5 Providing info/warning/error messages (HO)
)
Package pdftexcmds Info: \pdf@primitive is available.
Package pdftexcmds Info: \pdf@ifprimitive is available.
Package pdftexcmds Info: \pdfdraftmode found.
))
(/usr/local/texlive/2024/texmf-dist/tex/latex/hycolor/hycolor.sty
Package: hycolor 2020-01-27 v1.10 Color options for hyperref/bookmark (HO)
)
(/usr/local/texlive/2024/texmf-dist/tex/latex/auxhook/auxhook.sty
Package: auxhook 2019-12-17 v1.6 Hooks for auxiliary files (HO)
)
(/usr/local/texlive/2024/texmf-dist/tex/latex/hyperref/nameref.sty
Package: nameref 2023-11-26 v2.56 Cross-referencing by name of section

(/usr/local/texlive/2024/texmf-dist/tex/latex/refcount/refcount.sty
Package: refcount 2019/12/15 v3.6 Data extraction from label references (HO)
)
(/usr/local/texlive/2024/texmf-dist/tex/generic/gettitlestring/gettitlestring.s
ty
Package: gettitlestring 2019/12/15 v1.6 Cleanup title references (HO)
)
\c@section@level=\count307
)
\@linkdim=\dimen190
\Hy@linkcounter=\count308
\Hy@pagecounter=\count309
 (/usr/local/texlive/2024/texmf-dist/tex/latex/hyperref/pd1enc.def
File: pd1enc.def 2024-01-20 v7.01h Hyperref: PDFDocEncoding definition (HO)
Now handling font encoding PD1 ...
... no UTF-8 mapping file for font encoding PD1
)
(/usr/local/texlive/2024/texmf-dist/tex/generic/intcalc/intcalc.sty
Package: intcalc 2019/12/15 v1.3 Expandable calculations with integers (HO)
)
\Hy@SavedSpaceFactor=\count310

(/usr/local/texlive/2024/texmf-dist/tex/latex/hyperref/puenc.def
File: puenc.def 2024-01-20 v7.01h Hyperref: PDF Unicode definition (HO)
Now handling font encoding PU ...
... no UTF-8 mapping file for font encoding PU
)
Package hyperref Info: Option `colorlinks' set `true' on input line 4062.
Package hyperref Info: Hyper figures OFF on input line 4179.
Package hyperref Info: Link nesting OFF on input line 4184.
Package hyperref Info: Hyper index ON on input line 4187.
Package hyperref Info: Plain pages OFF on input line 4194.
Package hyperref Info: Backreferencing OFF on input line 4199.
Package hyperref Info: Implicit mode ON; LaTeX internals redefined.
Package hyperref Info: Bookmarks ON on input line 4446.
\c@Hy@tempcnt=\count311
LaTeX Info: Redefining \url on input line 4784.
\XeTeXLinkMargin=\dimen191

(/usr/local/texlive/2024/texmf-dist/tex/generic/bitset/bitset.sty
Package: bitset 2019/12/09 v1.3 Handle bit-vector datatype (HO)

(/usr/local/texlive/2024/texmf-dist/tex/generic/bigintcalc/bigintcalc.sty
Package: bigintcalc 2019/12/15 v1.5 Expandable calculations on big integers (HO
)
))
\Fld@menulength=\count312
\Field@Width=\dimen192
\Fld@charsize=\dimen193
Package hyperref Info: Hyper figures OFF on input line 6063.
Package hyperref Info: Link nesting OFF on input line 6068.
Package hyperref Info: Hyper index ON on input line 6071.
Package hyperref Info: backreferencing OFF on input line 6078.
Package hyperref Info: Link coloring ON on input line 6081.
Package hyperref Info: Link coloring with OCG OFF on input line 6088.
Package hyperref Info: PDF/A mode OFF on input line 6093.

(/usr/local/texlive/2024/texmf-dist/tex/latex/base/atbegshi-ltx.sty
Package: atbegshi-ltx 2021/01/10 v1.0c Emulation of the original atbegshi
package with kernel methods
)
\Hy@abspage=\count313
\c@Item=\count314
\c@Hfootnote=\count315
)
Package hyperref Info: Driver (autodetected): hpdftex.

(/usr/local/texlive/2024/texmf-dist/tex/latex/hyperref/hpdftex.def
File: hpdftex.def 2024-01-20 v7.01h Hyperref driver for pdfTeX

(/usr/local/texlive/2024/texmf-dist/tex/latex/base/atveryend-ltx.sty
Package: atveryend-ltx 2020/08/19 v1.0a Emulation of the original atveryend pac
kage
with kernel methods
)
\Fld@listcount=\count316
\c@bookmark@seq@number=\count317

(/usr/local/texlive/2024/texmf-dist/tex/latex/rerunfilecheck/rerunfilecheck.sty
Package: rerunfilecheck 2022-07-10 v1.10 Rerun checks for auxiliary files (HO)

(/usr/local/texlive/2024/texmf-dist/tex/generic/uniquecounter/uniquecounter.sty
Package: uniquecounter 2019/12/15 v1.4 Provide unlimited unique counter (HO)
)
Package uniquecounter Info: New unique counter `rerunfilecheck' on input line 2
85.
)
\Hy@SectionHShift=\skip65
)
LaTeX Font Info:    Trying to load font information for OT1+phv on input line 6
9.
 (/usr/local/texlive/2024/texmf-dist/tex/latex/psnfss/ot1phv.fd
File: ot1phv.fd 2020/03/25 scalable font definitions for OT1/phv.
)
(/usr/local/texlive/2024/texmf-dist/tex/latex/l3backend/l3backend-pdftex.def
File: l3backend-pdftex.def 2024-02-20 L3 backend support: PDF output (pdfTeX)
\l__color_backend_stack_int=\count318
\l__pdf_internal_box=\box109
)
(./Paper.aux)
\openout1 = `Paper.aux'.

LaTeX Font Info:    Checking defaults for OML/cmm/m/it on input line 69.
LaTeX Font Info:    ... okay on input line 69.
LaTeX Font Info:    Checking defaults for OMS/cmsy/m/n on input line 69.
LaTeX Font Info:    ... okay on input line 69.
LaTeX Font Info:    Checking defaults for OT1/cmr/m/n on input line 69.
LaTeX Font Info:    ... okay on input line 69.
LaTeX Font Info:    Checking defaults for T1/cmr/m/n on input line 69.
LaTeX Font Info:    ... okay on input line 69.
LaTeX Font Info:    Checking defaults for TS1/cmr/m/n on input line 69.
LaTeX Font Info:    ... okay on input line 69.
LaTeX Font Info:    Checking defaults for OMX/cmex/m/n on input line 69.
LaTeX Font Info:    ... okay on input line 69.
LaTeX Font Info:    Checking defaults for U/cmr/m/n on input line 69.
LaTeX Font Info:    ... okay on input line 69.
LaTeX Font Info:    Checking defaults for PD1/pdf/m/n on input line 69.
LaTeX Font Info:    ... okay on input line 69.
LaTeX Font Info:    Checking defaults for PU/pdf/m/n on input line 69.
LaTeX Font Info:    ... okay on input line 69.

(/usr/local/texlive/2024/texmf-dist/tex/context/base/mkii/supp-pdf.mkii
[Loading MPS to PDF converter (version 2006.09.02).]
\scratchcounter=\count319
\scratchdimen=\dimen194
\scratchbox=\box110
\nofMPsegments=\count320
\nofMParguments=\count321
\everyMPshowfont=\toks31
\MPscratchCnt=\count322
\MPscratchDim=\dimen195
\MPnumerator=\count323
\makeMPintoPDFobject=\count324
\everyMPtoPDFconversion=\toks32
) (/usr/local/texlive/2024/texmf-dist/tex/latex/epstopdf-pkg/epstopdf-base.sty
Package: epstopdf-base 2020-01-24 v2.11 Base part for package epstopdf
Package epstopdf-base Info: Redefining graphics rule for `.eps' on input line 4
85.

(/usr/local/texlive/2024/texmf-dist/tex/latex/latexconfig/epstopdf-sys.cfg
File: epstopdf-sys.cfg 2010/07/13 v1.3 Configuration of (r)epstopdf for TeX Liv
e
))
Package caption Info: Begin \AtBeginDocument code.
Package caption Info: float package is loaded.
Package caption Info: hyperref package is loaded.
Package caption Info: longtable package is loaded.

(/usr/local/texlive/2024/texmf-dist/tex/latex/caption/ltcaption.sty
Package: ltcaption 2021/01/08 v1.4c longtable captions (AR)
)
Package caption Info: End \AtBeginDocument code.
Package hyperref Info: Link coloring ON on input line 69.

(./Paper.out) (./Paper.out)
\@outlinefile=\write3
\openout3 = `Paper.out'.

LaTeX Font Info:    Trying to load font information for U+msa on input line 74.


(/usr/local/texlive/2024/texmf-dist/tex/latex/amsfonts/umsa.fd
File: umsa.fd 2013/01/14 v3.01 AMS symbols A
)
LaTeX Font Info:    Trying to load font information for U+msb on input line 74.


(/usr/local/texlive/2024/texmf-dist/tex/latex/amsfonts/umsb.fd
File: umsb.fd 2013/01/14 v3.01 AMS symbols B
) [1

{/usr/local/texlive/2024/texmf-var/fonts/map/pdftex/updmap/pdftex.map}{/usr/loc
al/texlive/2024/texmf-dist/fonts/enc/dvips/base/8r.enc}]
pdfTeX warning (ext4): destination with the same identifier (name{page.1}) has 
been already used, duplicate ignored
<to be read again> 
                   \relax 
l.99 \clearpage
                [1]
Overfull \hbox (5.12721pt too wide) in paragraph at lines 104--105
[]\OT1/phv/m/n/12 One promis-ing ap-pli-ca-tion area for cell-free sys-tems is 
biosens-ing. Tra-di-tion-ally, biosen-
 []

[2

]
LaTeX Font Info:    Font shape `OT1/phv/m/it' in size <12> not available
(Font)              Font shape `OT1/phv/m/sl' tried instead on input line 106.
 [3] [4]
LaTeX Font Info:    Trying to load font information for TS1+phv on input line 1
17.
 (/usr/local/texlive/2024/texmf-dist/tex/latex/psnfss/ts1phv.fd
File: ts1phv.fd 2020/03/25 scalable font definitions for TS1/phv.
)
[5

] [6] [7] [8] [9] [10] [11] [12] [13] [14]
Overfull \hbox (1.39542pt too wide) in paragraph at lines 222--223
 []\OT1/phv/b/n/12 Circuit ar-chi-tec-ture and com-po-nents. \OT1/phv/m/n/12 Th
e ge-netic cir-cuit was com-posed of two genes,
 []

[15

] [16] [17] [18] [19] [20] [21

] [22] [23] [24]
Overfull \hbox (5.52107pt too wide) in paragraph at lines 260--261
[]\OT1/phv/m/n/12 The multi-objective/single-objective cy-cling strat-egy im-pl
e-mented in Pare-toEnsem-bles.jl
 []

[25] [26] [27] [28

] [29] (./Paper.bbl [30

] [31] [32]
Underfull \hbox (badness 1147) in paragraph at lines 254--258
[]\OT1/phv/m/n/12 Varner JD (2026) Pare-toEnsem-bles.jl: A Ju-lia pack-age for 
mul-ti-ob-jec-tive pa-
 []

[33] [34]) [35]
<./figs/fig-0-circuit.pdf, id=365, 219.82124pt x 149.55875pt>
File: ./figs/fig-0-circuit.pdf Graphic file (type pdf)
<use ./figs/fig-0-circuit.pdf>
Package pdftex.def Info: ./figs/fig-0-circuit.pdf  used on input line 292.
(pdftex.def)             Requested size: 211.38832pt x 143.82579pt.
 [36

 <./figs/fig-0-circuit.pdf>]

pdfTeX warning: pdflatex (file ./figs/fig-1-three-panel.pdf): PDF inclusion: fo
und PDF version <1.7>, but at most version <1.5> allowed
<./figs/fig-1-three-panel.pdf, id=394, 677.53125pt x 240.9pt>
File: ./figs/fig-1-three-panel.pdf Graphic file (type pdf)
<use ./figs/fig-1-three-panel.pdf>
Package pdftex.def Info: ./figs/fig-1-three-panel.pdf  used on input line 301.
(pdftex.def)             Requested size: 446.26582pt x 158.67836pt.
[37

 <./figs/fig-1-three-panel.pdf>]

pdfTeX warning: pdflatex (file ./figs/fig_model_training.pdf): PDF inclusion: f
ound PDF version <1.7>, but at most version <1.5> allowed
<./figs/fig_model_training.pdf, id=420, 677.53125pt x 526.96875pt>
File: ./figs/fig_model_training.pdf Graphic file (type pdf)
<use ./figs/fig_model_training.pdf>
Package pdftex.def Info: ./figs/fig_model_training.pdf  used on input line 314.

(pdftex.def)             Requested size: 469.75502pt x 365.37782pt.
[38

 <./figs/fig_model_training.pdf>]

pdfTeX warning: pdflatex (file ./figs/fig_resource_depletion.pdf): PDF inclusio
n: found PDF version <1.7>, but at most version <1.5> allowed
<./figs/fig_resource_depletion.pdf, id=448, 376.40625pt x 301.125pt>
File: ./figs/fig_resource_depletion.pdf Graphic file (type pdf)
<use ./figs/fig_resource_depletion.pdf>
Package pdftex.def Info: ./figs/fig_resource_depletion.pdf  used on input line 
328.
(pdftex.def)             Requested size: 446.26582pt x 357.03827pt.
[39

 <./figs/fig_resource_depletion.pdf>]

pdfTeX warning: pdflatex (file ./figs/fig_dose_response.pdf): PDF inclusion: fo
und PDF version <1.7>, but at most version <1.5> allowed
<./figs/fig_dose_response.pdf, id=473, 413.545pt x 339.2675pt>
File: ./figs/fig_dose_response.pdf Graphic file (type pdf)
<use ./figs/fig_dose_response.pdf>
Package pdftex.def Info: ./figs/fig_dose_response.pdf  used on input line 337.
(pdftex.def)             Requested size: 446.26582pt x 366.11871pt.
[40

 <./figs/fig_dose_response.pdf>]

pdfTeX warning: pdflatex (file ./figs/fig_sensitivity.pdf): PDF inclusion: foun
d PDF version <1.7>, but at most version <1.5> allowed
<./figs/fig_sensitivity.pdf, id=493, 376.40625pt x 677.53125pt>
File: ./figs/fig_sensitivity.pdf Graphic file (type pdf)
<use ./figs/fig_sensitivity.pdf>
Package pdftex.def Info: ./figs/fig_sensitivity.pdf  used on input line 347.
(pdftex.def)             Requested size: 281.85587pt x 507.37181pt.

LaTeX Warning: `!h' float specifier changed to `!ht'.

[41 <./figs/fig_sensitivity.pdf>]

pdfTeX warning: pdflatex (file ./figs/fig_correlation_heatmap.pdf): PDF inclusi
on: found PDF version <1.7>, but at most version <1.5> allowed
<./figs/fig_correlation_heatmap.pdf, id=527, 602.25pt x 526.96875pt>
File: ./figs/fig_correlation_heatmap.pdf Graphic file (type pdf)
<use ./figs/fig_correlation_heatmap.pdf>
Package pdftex.def Info: ./figs/fig_correlation_heatmap.pdf  used on input line
 356.
(pdftex.def)             Requested size: 375.80544pt x 328.84003pt.
[42


 <./figs/fig_correlation_heatmap.pdf>] [43

] [44

] (./Supplement.tex
pdfTeX warning (ext4): destination with the same identifier (name{equation.0.1}
) has been already used, duplicate ignored
<to be read again> 
                   \relax 
l.11 \end{align}
                
pdfTeX warning (ext4): destination with the same identifier (name{equation.0.3}
) has been already used, duplicate ignored
<to be read again> 
                   \relax 
l.11 \end{align}
                
pdfTeX warning (ext4): destination with the same identifier (name{equation.0.4}
) has been already used, duplicate ignored
<to be read again> 
                   \relax 
l.11 \end{align}
                
pdfTeX warning (ext4): destination with the same identifier (name{equation.0.5}
) has been already used, duplicate ignored
<to be read again> 
                   \relax 
l.18 \end{align}
                
pdfTeX warning (ext4): destination with the same identifier (name{equation.0.6}
) has been already used, duplicate ignored
<to be read again> 
                   \relax 
l.18 \end{align}
                 [45

]
pdfTeX warning (ext4): destination with the same identifier (name{equation.0.7}
) has been already used, duplicate ignored
<to be read again> 
                   \relax 
l.23 \end{align}
                
pdfTeX warning (ext4): destination with the same identifier (name{equation.0.8}
) has been already used, duplicate ignored
<to be read again> 
                   \relax 
l.23 \end{align}
                
pdfTeX warning (ext4): destination with the same identifier (name{equation.0.9}
) has been already used, duplicate ignored
<to be read again> 
                   \relax 
l.25 \begin{equation}
                     
pdfTeX warning (ext4): destination with the same identifier (name{equation.0.9}
) has been already used, duplicate ignored
<to be read again> 
                   \relax 
l.25 \begin{equation}
                     
pdfTeX warning (ext4): destination with the same identifier (name{equation.0.9}
) has been already used, duplicate ignored
<to be read again> 
                   \relax 
l.25 \begin{equation}
                     
pdfTeX warning (ext4): destination with the same identifier (name{equation.0.9}
) has been already used, duplicate ignored
<to be read again> 
                   \relax 
l.25 \begin{equation}
                     
pdfTeX warning (ext4): destination with the same identifier (name{equation.0.10
}) has been already used, duplicate ignored
<to be read again> 
                   \relax 
l.32 \begin{equation}
                     
pdfTeX warning (ext4): destination with the same identifier (name{equation.0.10
}) has been already used, duplicate ignored
<to be read again> 
                   \relax 
l.32 \begin{equation}
                     
pdfTeX warning (ext4): destination with the same identifier (name{equation.0.10
}) has been already used, duplicate ignored
<to be read again> 
                   \relax 
l.32 \begin{equation}
                     
pdfTeX warning (ext4): destination with the same identifier (name{equation.0.10
}) has been already used, duplicate ignored
<to be read again> 
                   \relax 
l.32 \begin{equation}
                      [46]
Overfull \hbox (0.35054pt too wide) in paragraph at lines 38--39
[]\OT1/phv/m/n/12 The time con-stant $\OML/cmm/m/it/12 ^^\[]$ \OT1/phv/m/n/12 g
ov-erns whether gene $\OML/cmm/m/it/12 j$ \OT1/phv/m/n/12 is elongation-limited
 or initiation-limited.
 []


pdfTeX warning (ext4): destination with the same identifier (name{equation.0.12
}) has been already used, duplicate ignored
<to be read again> 
                   \relax 
l.49 \begin{equation}
                     
pdfTeX warning (ext4): destination with the same identifier (name{equation.0.12
}) has been already used, duplicate ignored
<to be read again> 
                   \relax 
l.49 \begin{equation}
                     
pdfTeX warning (ext4): destination with the same identifier (name{equation.0.12
}) has been already used, duplicate ignored
<to be read again> 
                   \relax 
l.49 \begin{equation}
                     
pdfTeX warning (ext4): destination with the same identifier (name{equation.0.12
}) has been already used, duplicate ignored
<to be read again> 
                   \relax 
l.49 \begin{equation}
                     
pdfTeX warning (ext4): destination with the same identifier (name{equation.0.14
}) has been already used, duplicate ignored
<to be read again> 
                   \relax 
l.59 \begin{equation}
                     
pdfTeX warning (ext4): destination with the same identifier (name{equation.0.14
}) has been already used, duplicate ignored
<to be read again> 
                   \relax 
l.59 \begin{equation}
                     
pdfTeX warning (ext4): destination with the same identifier (name{equation.0.14
}) has been already used, duplicate ignored
<to be read again> 
                   \relax 
l.59 \begin{equation}
                     
pdfTeX warning (ext4): destination with the same identifier (name{equation.0.14
}) has been already used, duplicate ignored
<to be read again> 
                   \relax 
l.59 \begin{equation}
                      [47]
Overfull \hbox (22.6774pt too wide) in paragraph at lines 65--66
[]\OT1/phv/m/n/12 For a sin-gle gene, sub-sti-tut-ing Eqn. [][]S13[][] into Eqn
. [][]S9[][] gives $\OML/cmm/m/it/12 R[] \OT1/cmr/m/n/12 = \OML/cmm/m/it/12 R[]
 ^^\[] K[]=\OT1/cmr/m/n/12 [\OML/cmm/m/it/12 ^^\[] K[] \OT1/cmr/m/n/12 +
 []


pdfTeX warning (ext4): destination with the same identifier (name{equation.0.16
}) has been already used, duplicate ignored
<to be read again> 
                   \relax 
l.73 \begin{equation}
                     
pdfTeX warning (ext4): destination with the same identifier (name{equation.0.16
}) has been already used, duplicate ignored
<to be read again> 
                   \relax 
l.73 \begin{equation}
                     
pdfTeX warning (ext4): destination with the same identifier (name{equation.0.16
}) has been already used, duplicate ignored
<to be read again> 
                   \relax 
l.73 \begin{equation}
                     
pdfTeX warning (ext4): destination with the same identifier (name{equation.0.16
}) has been already used, duplicate ignored
<to be read again> 
                   \relax 
l.73 \begin{equation}
                      [48]
pdfTeX warning (ext4): destination with the same identifier (name{equation.0.17
}) has been already used, duplicate ignored
<to be read again> 
                   \relax 
l.83 \begin{equation}
                     
pdfTeX warning (ext4): destination with the same identifier (name{equation.0.17
}) has been already used, duplicate ignored
<to be read again> 
                   \relax 
l.83 \begin{equation}
                     
pdfTeX warning (ext4): destination with the same identifier (name{equation.0.17
}) has been already used, duplicate ignored
<to be read again> 
                   \relax 
l.83 \begin{equation}
                     
pdfTeX warning (ext4): destination with the same identifier (name{equation.0.17
}) has been already used, duplicate ignored
<to be read again> 
                   \relax 
l.83 \begin{equation}
                     
Overfull \hbox (6.88806pt too wide) in paragraph at lines 86--88
\OT1/phv/m/n/12 where the sum is over all pos-si-ble con-fig-u-ra-tions $\OMS/c
msy/m/n/12 C[]$ \OT1/phv/m/n/12 of pro-moter $\OML/cmm/m/it/12 j$\OT1/phv/m/n/1
2 . Here $\OML/cmm/m/it/12 W[] \OT1/cmr/m/n/12 = [](\OMS/cmsy/m/n/12 ^^@\OML/cm
m/m/it/12 ^^O[]=k[]T\OT1/cmr/m/n/12 )$
 []

[49]
Overfull \hbox (65.57481pt too wide) in paragraph at lines 98--100
\OT1/phv/m/n/12 mann weights for core RNAP and holoen-zyme bind-ing, re-spec-ti
vely, and $\OML/cmm/m/it/12 b[] \OT1/cmr/m/n/12 = [\OML/cmm/m/it/12 ^^[[]\OT1/c
mr/m/n/12 ][]\OML/cmm/m/it/12 =\OT1/cmr/m/n/12 ([])$
 []

[50] [51] [52] [53]
<./figs/fig-S1-resource_limitation_Pseudomonas.pdf, id=653, 361.35pt x 289.08pt
>
File: ./figs/fig-S1-resource_limitation_Pseudomonas.pdf Graphic file (type pdf)

<use ./figs/fig-S1-resource_limitation_Pseudomonas.pdf>
Package pdftex.def Info: ./figs/fig-S1-resource_limitation_Pseudomonas.pdf  use
d on input line 152.
(pdftex.def)             Requested size: 281.85587pt x 225.48589pt.
LaTeX Font Info:    Font shape `OT1/phv/m/it' in size <10> not available
(Font)              Font shape `OT1/phv/m/sl' tried instead on input line 154.
 [54

 <./figs/fig-S1-resource_limitation_Pseudomonas.pdf>]

pdfTeX warning: pdflatex (file ./figs/fig_pareto_fronts.pdf): PDF inclusion: fo
und PDF version <1.7>, but at most version <1.5> allowed
<./figs/fig_pareto_fronts.pdf, id=706, 677.53125pt x 602.25pt>
File: ./figs/fig_pareto_fronts.pdf Graphic file (type pdf)
<use ./figs/fig_pareto_fronts.pdf>
Package pdftex.def Info: ./figs/fig_pareto_fronts.pdf  used on input line 161.
(pdftex.def)             Requested size: 469.75502pt x 417.57465pt.
[55

 <./figs/fig_pareto_fronts.pdf>]

pdfTeX warning: pdflatex (file ./figs/fig_parameter_distributions.pdf): PDF inc
lusion: found PDF version <1.7>, but at most version <1.5> allowed
<./figs/fig_parameter_distributions.pdf, id=725, 752.8125pt x 828.09375pt>
File: ./figs/fig_parameter_distributions.pdf Graphic file (type pdf)
<use ./figs/fig_parameter_distributions.pdf>
Package pdftex.def Info: ./figs/fig_parameter_distributions.pdf  used on input 
line 170.
(pdftex.def)             Requested size: 469.75502pt x 516.74864pt.
) [56

 <./figs/fig_parameter_distributions.pdf>] (./Paper.aux)
 ***********
LaTeX2e <2023-11-01> patch level 1
L3 programming layer <2024-02-20>
 ***********
Package rerunfilecheck Info: File `Paper.out' has not changed.
(rerunfilecheck)             Checksum: D41D8CD98F00B204E9800998ECF8427E;0.
 ) 
Here is how much of TeX's memory you used:
 13006 strings out of 474116
 207620 string characters out of 5743682
 1956187 words of memory out of 5000000
 34984 multiletter control sequences out of 15000+600000
 590078 words of font info for 102 fonts, out of 8000000 for 9000
 1141 hyphenation exceptions out of 8191
 69i,15n,79p,3044b,822s stack positions out of 10000i,1000n,20000p,200000b,200000s
</usr/local/texlive/2024/texmf-dist/fonts/type1/public/amsfonts/cm/cmbx12.pfb
></usr/local/texlive/2024/texmf-dist/fonts/type1/public/amsfonts/cm/cmex10.pfb>
</usr/local/texlive/2024/texmf-dist/fonts/type1/public/amsfonts/cm/cmmi10.pfb><
/usr/local/texlive/2024/texmf-dist/fonts/type1/public/amsfonts/cm/cmmi12.pfb></
usr/local/texlive/2024/texmf-dist/fonts/type1/public/amsfonts/cm/cmmi6.pfb></us
r/local/texlive/2024/texmf-dist/fonts/type1/public/amsfonts/cm/cmmi7.pfb></usr/
local/texlive/2024/texmf-dist/fonts/type1/public/amsfonts/cm/cmmi8.pfb></usr/lo
cal/texlive/2024/texmf-dist/fonts/type1/public/amsfonts/cm/cmr10.pfb></usr/loca
l/texlive/2024/texmf-dist/fonts/type1/public/amsfonts/cm/cmr12.pfb></usr/local/
texlive/2024/texmf-dist/fonts/type1/public/amsfonts/cm/cmr5.pfb></usr/local/tex
live/2024/texmf-dist/fonts/type1/public/amsfonts/cm/cmr6.pfb></usr/local/texliv
e/2024/texmf-dist/fonts/type1/public/amsfonts/cm/cmr7.pfb></usr/local/texlive/2
024/texmf-dist/fonts/type1/public/amsfonts/cm/cmr8.pfb></usr/local/texlive/2024
/texmf-dist/fonts/type1/public/amsfonts/cm/cmsy10.pfb></usr/local/texlive/2024/
texmf-dist/fonts/type1/public/amsfonts/cm/cmsy6.pfb></usr/local/texlive/2024/te
xmf-dist/fonts/type1/public/amsfonts/cm/cmsy7.pfb></usr/local/texlive/2024/texm
f-dist/fonts/type1/public/amsfonts/cm/cmsy8.pfb></usr/local/texlive/2024/texmf-
dist/fonts/type1/public/amsfonts/cm/cmtt12.pfb></usr/local/texlive/2024/texmf-d
ist/fonts/type1/public/amsfonts/symbols/msam10.pfb></usr/local/texlive/2024/tex
mf-dist/fonts/type1/urw/helvetic/uhvb8a.pfb></usr/local/texlive/2024/texmf-dist
/fonts/type1/urw/helvetic/uhvr8a.pfb></usr/local/texlive/2024/texmf-dist/fonts/
type1/urw/helvetic/uhvro8a.pfb>
Output written on Paper.pdf (57 pages, 6011121 bytes).
PDF statistics:
 900 PDF objects out of 1000 (max. 8388607)
 684 compressed objects within 7 object streams
 184 named destinations out of 1000 (max. 500000)
 51 words of extra memory for PDF output out of 10000 (max. 10000000)

